<?xml version="1.0" encoding="UTF-8"?>
<!-- Generated by org.testng.reporters.JUnitXMLReporter -->
<testsuite ignored="5" hostname="DESKTOP-GHF380V" failures="0" tests="1" name="Default test" time="8.663" errors="0" timestamp="2024-03-21T15:08:28 IST">
  <testcase classname="HomeLyf.test.QDTAS_LoginTestCase" name="qdtasUpdateUser" time="5.895"/>
  <testcase classname="HomeLyf.test.QDTAS_LoginTestCase" name="qdtasEnableUser" time="0.0">
    <ignored/>
  </testcase> <!-- qdtasEnableUser -->
  <testcase classname="HomeLyf.test.QDTAS_LoginTestCase" name="qdtasAddUser" time="0.0">
    <ignored/>
  </testcase> <!-- qdtasAddUser -->
  <testcase classname="HomeLyf.test.QDTAS_LoginTestCase" name="qdtasVerifyUserTokenTest" time="0.0">
    <ignored/>
  </testcase> <!-- qdtasVerifyUserTokenTest -->
  <testcase classname="HomeLyf.test.QDTAS_LoginTestCase" name="qdtasLoginUserTest" time="0.0">
    <ignored/>
  </testcase> <!-- qdtasLoginUserTest -->
  <testcase classname="HomeLyf.test.QDTAS_LoginTestCase" name="qdtasLoginNewUserTest" time="0.0">
    <ignored/>
  </testcase> <!-- qdtasLoginNewUserTest -->
</testsuite> <!-- Default test -->
