<?xml version="1.0" encoding="UTF-8"?>
<!-- Generated by org.testng.reporters.JUnitXMLReporter -->
<testsuite ignored="0" hostname="DESKTOP-GHF380V" failures="0" tests="6" name="HomeLyfTest" time="22.525" errors="0" timestamp="2024-03-21T16:04:16 IST">
  <testcase classname="HomeLyf.test.QDTAS_LoginTestCase" name="qdtasLoginUserTest" time="6.515"/>
  <testcase classname="HomeLyf.test.QDTAS_LoginTestCase" name="qdtasVerifyUserTokenTest" time="1.415"/>
  <testcase classname="HomeLyf.test.QDTAS_LoginTestCase" name="qdtasAddUser" time="4.877"/>
  <testcase classname="HomeLyf.test.QDTAS_LoginTestCase" name="qdtasEnableUser" time="2.32"/>
  <testcase classname="HomeLyf.test.QDTAS_LoginTestCase" name="qdtasLoginNewUserTest" time="1.948"/>
  <testcase classname="HomeLyf.test.QDTAS_LoginTestCase" name="qdtasUpdateUser" time="2.323"/>
</testsuite> <!-- HomeLyfTest -->
