<?xml version="1.0" encoding="UTF-8"?>
<testng-results ignored="0" total="6" passed="6" failed="0" skipped="0">
  <reporter-output>
  </reporter-output>
  <suite started-at="2024-03-21T16:03:54 IST" name="HomeLyf" finished-at="2024-03-21T16:04:16 IST" duration-ms="22525">
    <groups>
    </groups>
    <test started-at="2024-03-21T16:03:54 IST" name="HomeLyfTest" finished-at="2024-03-21T16:04:16 IST" duration-ms="22525">
      <class name="HomeLyf.test.QDTAS_LoginTestCase">
        <test-method is-config="true" signature="QDTAS_data()[pri:0, instance:HomeLyf.test.QDTAS_LoginTestCase@3f191845]" started-at="2024-03-21T16:03:54 IST" name="QDTAS_data" finished-at="2024-03-21T16:03:54 IST" duration-ms="17" status="PASS">
          <reporter-output>
          </reporter-output>
        </test-method> <!-- QDTAS_data -->
        <test-method signature="qdtasLoginUserTest(java.lang.String,java.lang.String)[pri:1, instance:HomeLyf.test.QDTAS_LoginTestCase@3f191845]" started-at="2024-03-21T16:03:56 IST" name="qdtasLoginUserTest" data-provider="qdtasLoginDetails" finished-at="2024-03-21T16:04:02 IST" duration-ms="6515" status="PASS">
          <params>
            <param index="0">
              <value>
                <![CDATA[admin@gmail.com]]>
              </value>
            </param>
            <param index="1">
              <value>
                <![CDATA[Admin@123]]>
              </value>
            </param>
          </params>
          <reporter-output>
          </reporter-output>
        </test-method> <!-- qdtasLoginUserTest -->
        <test-method signature="qdtasVerifyUserTokenTest()[pri:2, instance:HomeLyf.test.QDTAS_LoginTestCase@3f191845]" started-at="2024-03-21T16:04:02 IST" name="qdtasVerifyUserTokenTest" finished-at="2024-03-21T16:04:04 IST" duration-ms="1415" status="PASS">
          <reporter-output>
          </reporter-output>
        </test-method> <!-- qdtasVerifyUserTokenTest -->
        <test-method signature="qdtasAddUser(java.lang.String,java.lang.String,java.lang.String,java.lang.String,java.lang.String,java.lang.String,java.lang.String,java.lang.String,java.lang.String,java.lang.String,java.lang.String,java.lang.String)[pri:3, instance:HomeLyf.test.QDTAS_LoginTestCase@3f191845]" started-at="2024-03-21T16:04:04 IST" name="qdtasAddUser" data-provider="qdtasNewUserDetails" finished-at="2024-03-21T16:04:09 IST" duration-ms="4877" status="PASS">
          <params>
            <param index="0">
              <value>
                <![CDATA[Onkar]]>
              </value>
            </param>
            <param index="1">
              <value>
                <![CDATA[mopovot450@hdrlog.com]]>
              </value>
            </param>
            <param index="2">
              <value>
                <![CDATA[Bebo@123]]>
              </value>
            </param>
            <param index="3">
              <value>
                <![CDATA[om]]>
              </value>
            </param>
            <param index="4">
              <value>
                <![CDATA[shiv]]>
              </value>
            </param>
            <param index="5">
              <value>
                <![CDATA[singal]]>
              </value>
            </param>
            <param index="6">
              <value>
                <![CDATA[Male]]>
              </value>
            </param>
            <param index="7">
              <value>
                <![CDATA[2]]>
              </value>
            </param>
            <param index="8">
              <value>
                <![CDATA[QA]]>
              </value>
            </param>
            <param index="9">
              <value>
                <![CDATA[1234567892]]>
              </value>
            </param>
            <param index="10">
              <value>
                <![CDATA[ManualTester]]>
              </value>
            </param>
            <param index="11">
              <value>
                <![CDATA[1998-07-18]]>
              </value>
            </param>
          </params>
          <reporter-output>
          </reporter-output>
        </test-method> <!-- qdtasAddUser -->
        <test-method signature="qdtasEnableUser()[pri:4, instance:HomeLyf.test.QDTAS_LoginTestCase@3f191845]" started-at="2024-03-21T16:04:09 IST" name="qdtasEnableUser" finished-at="2024-03-21T16:04:11 IST" duration-ms="2320" status="PASS">
          <reporter-output>
          </reporter-output>
        </test-method> <!-- qdtasEnableUser -->
        <test-method signature="qdtasLoginNewUserTest(java.lang.String,java.lang.String)[pri:5, instance:HomeLyf.test.QDTAS_LoginTestCase@3f191845]" started-at="2024-03-21T16:04:11 IST" name="qdtasLoginNewUserTest" data-provider="qdtasNewLoginDetails" finished-at="2024-03-21T16:04:13 IST" duration-ms="1948" status="PASS">
          <params>
            <param index="0">
              <value>
                <![CDATA[mopovot450@hdrlog.com]]>
              </value>
            </param>
            <param index="1">
              <value>
                <![CDATA[Bebo@123]]>
              </value>
            </param>
          </params>
          <reporter-output>
          </reporter-output>
        </test-method> <!-- qdtasLoginNewUserTest -->
        <test-method signature="qdtasUpdateUser(java.lang.String,java.lang.String,java.lang.String,java.lang.String,java.lang.String,java.lang.String,java.lang.String,java.lang.String,java.lang.String,java.lang.String,java.lang.String,java.lang.String,java.lang.String,java.lang.String)[pri:6, instance:HomeLyf.test.QDTAS_LoginTestCase@3f191845]" started-at="2024-03-21T16:04:14 IST" name="qdtasUpdateUser" data-provider="qdtasUpdateUserDetails" finished-at="2024-03-21T16:04:16 IST" duration-ms="2323" status="PASS">
          <params>
            <param index="0">
              <value>
                <![CDATA[Onkar]]>
              </value>
            </param>
            <param index="1">
              <value>
                <![CDATA[mopovot450@hdrlog.com]]>
              </value>
            </param>
            <param index="2">
              <value>
                <![CDATA[Bebo@123]]>
              </value>
            </param>
            <param index="3">
              <value>
                <![CDATA[om]]>
              </value>
            </param>
            <param index="4">
              <value>
                <![CDATA[shiv]]>
              </value>
            </param>
            <param index="5">
              <value>
                <![CDATA[singal]]>
              </value>
            </param>
            <param index="6">
              <value>
                <![CDATA[Male]]>
              </value>
            </param>
            <param index="7">
              <value>
                <![CDATA[2]]>
              </value>
            </param>
            <param index="8">
              <value>
                <![CDATA[QA]]>
              </value>
            </param>
            <param index="9">
              <value>
                <![CDATA[1234567892]]>
              </value>
            </param>
            <param index="10">
              <value>
                <![CDATA[ManualTester]]>
              </value>
            </param>
            <param index="11">
              <value>
                <![CDATA[1998-07-18]]>
              </value>
            </param>
            <param index="12">
              <value>
                <![CDATA[2018-08-18]]>
              </value>
            </param>
            <param index="13">
              <value>
                <![CDATA[Pune]]>
              </value>
            </param>
          </params>
          <reporter-output>
          </reporter-output>
        </test-method> <!-- qdtasUpdateUser -->
      </class> <!-- HomeLyf.test.QDTAS_LoginTestCase -->
    </test> <!-- HomeLyfTest -->
  </suite> <!-- HomeLyf -->
</testng-results>
